  Menu.cpp
C:\Users\jeezu\Documents\GitHub\PA7_Adam_Ward_122\PA7_Adam_Ward_122\Menu.h(111,12): warning C4101: 'pos': unreferenced local variable
  (compiling source file 'Menu.cpp')
  
C:\Users\jeezu\Documents\GitHub\PA7_Adam_Ward_122\PA7_Adam_Ward_122\ListT.h(58,12): warning C4101: 'pos': unreferenced local variable
  (compiling source file 'Menu.cpp')
  C:\Users\jeezu\Documents\GitHub\PA7_Adam_Ward_122\PA7_Adam_Ward_122\ListT.h(58,12):
  the template instantiation context (the oldest one first) is
  	C:\Users\jeezu\Documents\GitHub\PA7_Adam_Ward_122\PA7_Adam_Ward_122\Menu.h(14,14):
  	see reference to class template instantiation 'ListT<Data>' being compiled
  	C:\Users\jeezu\Documents\GitHub\PA7_Adam_Ward_122\PA7_Adam_Ward_122\ListT.h(36,12):
  	while compiling class template member function 'NodeT<T> *ListT<T>::importCsv(std::string)'
          with
          [
              T=Data
          ]
  		C:\Users\jeezu\Documents\GitHub\PA7_Adam_Ward_122\PA7_Adam_Ward_122\Menu.h(263,19):
  		see the first reference to 'ListT<Data>::importCsv' in 'Menu::runProgram'
  
  main.cpp
C:\Users\jeezu\Documents\GitHub\PA7_Adam_Ward_122\PA7_Adam_Ward_122\main.cpp(1,10): warning C4067: unexpected tokens following preprocessor directive - expected a newline
C:\Users\jeezu\Documents\GitHub\PA7_Adam_Ward_122\PA7_Adam_Ward_122\Menu.h(111,12): warning C4101: 'pos': unreferenced local variable
  (compiling source file 'main.cpp')
  
C:\Users\jeezu\Documents\GitHub\PA7_Adam_Ward_122\PA7_Adam_Ward_122\ListT.h(58,12): warning C4101: 'pos': unreferenced local variable
  (compiling source file 'main.cpp')
  C:\Users\jeezu\Documents\GitHub\PA7_Adam_Ward_122\PA7_Adam_Ward_122\ListT.h(58,12):
  the template instantiation context (the oldest one first) is
  	C:\Users\jeezu\Documents\GitHub\PA7_Adam_Ward_122\PA7_Adam_Ward_122\Menu.h(14,14):
  	see reference to class template instantiation 'ListT<Data>' being compiled
  	C:\Users\jeezu\Documents\GitHub\PA7_Adam_Ward_122\PA7_Adam_Ward_122\ListT.h(36,12):
  	while compiling class template member function 'NodeT<T> *ListT<T>::importCsv(std::string)'
          with
          [
              T=Data
          ]
  		C:\Users\jeezu\Documents\GitHub\PA7_Adam_Ward_122\PA7_Adam_Ward_122\Menu.h(263,19):
  		see the first reference to 'ListT<Data>::importCsv' in 'Menu::runProgram'
  
  Generating Code...
  PA7_Adam_Ward_122.vcxproj -> C:\Users\jeezu\Documents\GitHub\PA7_Adam_Ward_122\PA7_Adam_Ward_122\x64\Debug\PA7_Adam_Ward_122.exe
